Log started: 2022-06-13  03:38:14
E: Can not write log (Is /dev/pts mounted?) - posix_openpt (19: No such device)
(Reading database ... 73267 files and directories currently installed.)
Preparing to unpack .../libext2fs2_1.46.5-2ubuntu1.1_amd64.deb ...
Unpacking libext2fs2:amd64 (1.46.5-2ubuntu1.1) over (1.46.5-2ubuntu1) ...
Setting up libext2fs2:amd64 (1.46.5-2ubuntu1.1) ...
(Reading database ... 73267 files and directories currently installed.)
Preparing to unpack .../e2fsprogs_1.46.5-2ubuntu1.1_amd64.deb ...
Unpacking e2fsprogs (1.46.5-2ubuntu1.1) over (1.46.5-2ubuntu1) ...
Setting up e2fsprogs (1.46.5-2ubuntu1.1) ...
update-initramfs: deferring update (trigger activated)
Running in chroot, ignoring command 'daemon-reload'
/usr/sbin/policy-rc.d returned 101, not running 'restart e2scrub_all.service e2scrub_all.timer e2scrub_reap.service'
Processing triggers for libc-bin (2.35-0ubuntu3) ...
Processing triggers for man-db (2.10.2-1) ...
Processing triggers for initramfs-tools (0.140ubuntu13) ...
update-initramfs: Generating /boot/initrd.img-5.15.0-37-generic
NEEDRESTART-VER: 3.5
NEEDRESTART-KCUR: 5.15.0-25-generic
NEEDRESTART-KEXP: 5.15.0-37-generic
NEEDRESTART-KSTA: 3
Log ended: 2022-06-13  03:38:29

Log started: 2022-06-13  03:38:29
E: Can not write log (Is /dev/pts mounted?) - posix_openpt (19: No such device)
(Reading database ... 73267 files and directories currently installed.)
Preparing to unpack .../python3-apport_2.20.11-0ubuntu82.1_all.deb ...
Unpacking python3-apport (2.20.11-0ubuntu82.1) over (2.20.11-0ubuntu82) ...
Setting up python3-apport (2.20.11-0ubuntu82.1) ...
NEEDRESTART-VER: 3.5
NEEDRESTART-KCUR: 5.15.0-25-generic
NEEDRESTART-KEXP: 5.15.0-37-generic
NEEDRESTART-KSTA: 3
Log ended: 2022-06-13  03:38:32

Log started: 2022-06-13  03:38:32
E: Can not write log (Is /dev/pts mounted?) - posix_openpt (19: No such device)
(Reading database ... 73267 files and directories currently installed.)
Preparing to unpack .../rsyslog_8.2112.0-2ubuntu2.2_amd64.deb ...
Unpacking rsyslog (8.2112.0-2ubuntu2.2) over (8.2112.0-2ubuntu2) ...
Setting up rsyslog (8.2112.0-2ubuntu2.2) ...
The user `syslog' is already a member of `adm'.
Running in chroot, ignoring command 'daemon-reload'
/usr/sbin/policy-rc.d returned 101, not running 'restart dmesg.service rsyslog.service'
Processing triggers for man-db (2.10.2-1) ...
NEEDRESTART-VER: 3.5
NEEDRESTART-KCUR: 5.15.0-25-generic
NEEDRESTART-KEXP: 5.15.0-37-generic
NEEDRESTART-KSTA: 3
Log ended: 2022-06-13  03:38:35

Log started: 2022-06-13  03:38:36
E: Can not write log (Is /dev/pts mounted?) - posix_openpt (19: No such device)
(Reading database ... 73267 files and directories currently installed.)
Preparing to unpack .../apport_2.20.11-0ubuntu82.1_all.deb ...
/usr/sbin/policy-rc.d returned 101, not running 'stop apport-autoreport.path apport-autoreport.service apport-autoreport.timer apport-forward.socket'
Unpacking apport (2.20.11-0ubuntu82.1) over (2.20.11-0ubuntu82) ...
Setting up apport (2.20.11-0ubuntu82.1) ...
Installing new version of config file /etc/init.d/apport ...
Running in chroot, ignoring command 'daemon-reload'
/usr/sbin/policy-rc.d returned 101, not running 'start apport-autoreport.path apport-autoreport.service apport-autoreport.timer apport-forward.socket'
Running in chroot, ignoring command 'daemon-reload'
Running in chroot, ignoring request.
invoke-rc.d: policy-rc.d denied execution of restart.
Processing triggers for man-db (2.10.2-1) ...
NEEDRESTART-VER: 3.5
NEEDRESTART-KCUR: 5.15.0-25-generic
NEEDRESTART-KEXP: 5.15.0-37-generic
NEEDRESTART-KSTA: 3
Log ended: 2022-06-13  03:38:38

Log started: 2022-06-13  03:38:39
E: Can not write log (Is /dev/pts mounted?) - posix_openpt (19: No such device)
(Reading database ... 73267 files and directories currently installed.)
Preparing to unpack .../libcurl3-gnutls_7.81.0-1ubuntu1.2_amd64.deb ...
Unpacking libcurl3-gnutls:amd64 (7.81.0-1ubuntu1.2) over (7.81.0-1) ...
Setting up libcurl3-gnutls:amd64 (7.81.0-1ubuntu1.2) ...
Processing triggers for libc-bin (2.35-0ubuntu3) ...
NEEDRESTART-VER: 3.5
NEEDRESTART-KCUR: 5.15.0-25-generic
NEEDRESTART-KEXP: 5.15.0-37-generic
NEEDRESTART-KSTA: 3
Log ended: 2022-06-13  03:38:41

Log started: 2022-06-13  03:38:41
E: Can not write log (Is /dev/pts mounted?) - posix_openpt (19: No such device)
(Reading database ... 73267 files and directories currently installed.)
Preparing to unpack .../needrestart_3.5-5ubuntu2.1_all.deb ...
Unpacking needrestart (3.5-5ubuntu2.1) over (3.5-5ubuntu2) ...
Setting up needrestart (3.5-5ubuntu2.1) ...
Processing triggers for man-db (2.10.2-1) ...
NEEDRESTART-VER: 3.5
NEEDRESTART-KCUR: 5.15.0-25-generic
NEEDRESTART-KEXP: 5.15.0-37-generic
NEEDRESTART-KSTA: 3
Log ended: 2022-06-13  03:38:44

Log started: 2022-06-13  03:38:44
E: Can not write log (Is /dev/pts mounted?) - posix_openpt (19: No such device)
(Reading database ... 73267 files and directories currently installed.)
Preparing to unpack .../logrotate_3.19.0-1ubuntu1.1_amd64.deb ...
Unpacking logrotate (3.19.0-1ubuntu1.1) over (3.19.0-1ubuntu1) ...
Setting up logrotate (3.19.0-1ubuntu1.1) ...
Running in chroot, ignoring command 'daemon-reload'
/usr/sbin/policy-rc.d returned 101, not running 'restart logrotate.service logrotate.timer'
Processing triggers for man-db (2.10.2-1) ...
NEEDRESTART-VER: 3.5
NEEDRESTART-KCUR: 5.15.0-25-generic
NEEDRESTART-KEXP: 5.15.0-37-generic
NEEDRESTART-KSTA: 3
Log ended: 2022-06-13  03:38:47

Log started: 2022-06-13  03:38:47
E: Can not write log (Is /dev/pts mounted?) - posix_openpt (19: No such device)
(Reading database ... 73267 files and directories currently installed.)
Preparing to unpack .../openssl_3.0.2-0ubuntu1.1_amd64.deb ...
Unpacking openssl (3.0.2-0ubuntu1.1) over (3.0.2-0ubuntu1) ...
Setting up openssl (3.0.2-0ubuntu1.1) ...
Processing triggers for man-db (2.10.2-1) ...
NEEDRESTART-VER: 3.5
NEEDRESTART-KCUR: 5.15.0-25-generic
NEEDRESTART-KEXP: 5.15.0-37-generic
NEEDRESTART-KSTA: 3
Log ended: 2022-06-13  03:38:50

Log started: 2022-06-13  03:38:50
E: Can not write log (Is /dev/pts mounted?) - posix_openpt (19: No such device)
(Reading database ... 73267 files and directories currently installed.)
Preparing to unpack .../networkd-dispatcher_2.1-2ubuntu0.22.04.2_all.deb ...
Unpacking networkd-dispatcher (2.1-2ubuntu0.22.04.2) over (2.1-2) ...
Setting up networkd-dispatcher (2.1-2ubuntu0.22.04.2) ...
Running in chroot, ignoring command 'daemon-reload'
/usr/sbin/policy-rc.d returned 101, not running 'restart networkd-dispatcher.service'
Processing triggers for man-db (2.10.2-1) ...
NEEDRESTART-VER: 3.5
NEEDRESTART-KCUR: 5.15.0-25-generic
NEEDRESTART-KEXP: 5.15.0-37-generic
NEEDRESTART-KSTA: 3
Log ended: 2022-06-13  03:38:53

Log started: 2022-06-13  03:38:53
E: Can not write log (Is /dev/pts mounted?) - posix_openpt (19: No such device)
(Reading database ... 73267 files and directories currently installed.)
Preparing to unpack .../git-man_1%3a2.34.1-1ubuntu1.2_all.deb ...
Unpacking git-man (1:2.34.1-1ubuntu1.2) over (1:2.34.1-1ubuntu1) ...
Setting up git-man (1:2.34.1-1ubuntu1.2) ...
Processing triggers for man-db (2.10.2-1) ...
NEEDRESTART-VER: 3.5
NEEDRESTART-KCUR: 5.15.0-25-generic
NEEDRESTART-KEXP: 5.15.0-37-generic
NEEDRESTART-KSTA: 3
Log ended: 2022-06-13  03:38:55

Log started: 2022-06-13  03:38:56
E: Can not write log (Is /dev/pts mounted?) - posix_openpt (19: No such device)
(Reading database ... 73267 files and directories currently installed.)
Preparing to unpack .../curl_7.81.0-1ubuntu1.2_amd64.deb ...
Unpacking curl (7.81.0-1ubuntu1.2) over (7.81.0-1) ...
Preparing to unpack .../libcurl4_7.81.0-1ubuntu1.2_amd64.deb ...
Unpacking libcurl4:amd64 (7.81.0-1ubuntu1.2) over (7.81.0-1) ...
Setting up libcurl4:amd64 (7.81.0-1ubuntu1.2) ...
Setting up curl (7.81.0-1ubuntu1.2) ...
Processing triggers for man-db (2.10.2-1) ...
Processing triggers for libc-bin (2.35-0ubuntu3) ...
NEEDRESTART-VER: 3.5
NEEDRESTART-KCUR: 5.15.0-25-generic
NEEDRESTART-KEXP: 5.15.0-37-generic
NEEDRESTART-KSTA: 3
Log ended: 2022-06-13  03:38:58

Log started: 2022-06-13  03:38:59
Preconfiguring packages ...
Preconfiguring packages ...
E: Can not write log (Is /dev/pts mounted?) - posix_openpt (19: No such device)
(Reading database ... 73267 files and directories currently installed.)
Preparing to unpack .../libssl3_3.0.2-0ubuntu1.1_amd64.deb ...
Unpacking libssl3:amd64 (3.0.2-0ubuntu1.1) over (3.0.2-0ubuntu1) ...
Setting up libssl3:amd64 (3.0.2-0ubuntu1.1) ...
Processing triggers for libc-bin (2.35-0ubuntu3) ...
NEEDRESTART-VER: 3.5
NEEDRESTART-KCUR: 5.15.0-25-generic
NEEDRESTART-KEXP: 5.15.0-37-generic
NEEDRESTART-KSTA: 3
NEEDRESTART-SVC: unattended-upgrades
Log ended: 2022-06-13  03:39:01

Log started: 2022-06-13  03:39:02
E: Can not write log (Is /dev/pts mounted?) - posix_openpt (19: No such device)
(Reading database ... 73267 files and directories currently installed.)
Preparing to unpack .../python3-twisted_22.1.0-2ubuntu2.1_all.deb ...
Unpacking python3-twisted (22.1.0-2ubuntu2.1) over (22.1.0-2ubuntu2) ...
Setting up python3-twisted (22.1.0-2ubuntu2.1) ...
Processing triggers for man-db (2.10.2-1) ...
NEEDRESTART-VER: 3.5
NEEDRESTART-KCUR: 5.15.0-25-generic
NEEDRESTART-KEXP: 5.15.0-37-generic
NEEDRESTART-KSTA: 3
NEEDRESTART-SVC: unattended-upgrades
Log ended: 2022-06-13  03:39:06

Log started: 2022-06-13  03:39:07
E: Can not write log (Is /dev/pts mounted?) - posix_openpt (19: No such device)
(Reading database ... 73267 files and directories currently installed.)
Preparing to unpack .../bind9-host_1%3a9.18.1-1ubuntu1.1_amd64.deb ...
Unpacking bind9-host (1:9.18.1-1ubuntu1.1) over (1:9.18.1-1ubuntu1) ...
Preparing to unpack .../bind9-dnsutils_1%3a9.18.1-1ubuntu1.1_amd64.deb ...
Unpacking bind9-dnsutils (1:9.18.1-1ubuntu1.1) over (1:9.18.1-1ubuntu1) ...
Preparing to unpack .../bind9-libs_1%3a9.18.1-1ubuntu1.1_amd64.deb ...
Unpacking bind9-libs:amd64 (1:9.18.1-1ubuntu1.1) over (1:9.18.1-1ubuntu1) ...
Setting up bind9-libs:amd64 (1:9.18.1-1ubuntu1.1) ...
Setting up bind9-host (1:9.18.1-1ubuntu1.1) ...
Setting up bind9-dnsutils (1:9.18.1-1ubuntu1.1) ...
Processing triggers for man-db (2.10.2-1) ...
Processing triggers for libc-bin (2.35-0ubuntu3) ...
NEEDRESTART-VER: 3.5
NEEDRESTART-KCUR: 5.15.0-25-generic
NEEDRESTART-KEXP: 5.15.0-37-generic
NEEDRESTART-KSTA: 3
NEEDRESTART-SVC: unattended-upgrades
Log ended: 2022-06-13  03:39:09

Log started: 2022-06-13  03:39:10
E: Can not write log (Is /dev/pts mounted?) - posix_openpt (19: No such device)
(Reading database ... 73267 files and directories currently installed.)
Preparing to unpack .../libcom-err2_1.46.5-2ubuntu1.1_amd64.deb ...
Unpacking libcom-err2:amd64 (1.46.5-2ubuntu1.1) over (1.46.5-2ubuntu1) ...
Setting up libcom-err2:amd64 (1.46.5-2ubuntu1.1) ...
Processing triggers for libc-bin (2.35-0ubuntu3) ...
NEEDRESTART-VER: 3.5
NEEDRESTART-KCUR: 5.15.0-25-generic
NEEDRESTART-KEXP: 5.15.0-37-generic
NEEDRESTART-KSTA: 3
NEEDRESTART-SVC: unattended-upgrades
Log ended: 2022-06-13  03:39:12

Log started: 2022-06-13  03:39:12
E: Can not write log (Is /dev/pts mounted?) - posix_openpt (19: No such device)
(Reading database ... 73267 files and directories currently installed.)
Preparing to unpack .../libldap-2.5-0_2.5.11+dfsg-1~exp1ubuntu3.1_amd64.deb ...
Unpacking libldap-2.5-0:amd64 (2.5.11+dfsg-1~exp1ubuntu3.1) over (2.5.11+dfsg-1~exp1ubuntu3) ...
Setting up libldap-2.5-0:amd64 (2.5.11+dfsg-1~exp1ubuntu3.1) ...
Processing triggers for libc-bin (2.35-0ubuntu3) ...
NEEDRESTART-VER: 3.5
NEEDRESTART-KCUR: 5.15.0-25-generic
NEEDRESTART-KEXP: 5.15.0-37-generic
NEEDRESTART-KSTA: 3
NEEDRESTART-SVC: unattended-upgrades
Log ended: 2022-06-13  03:39:15

Log started: 2022-06-13  03:39:15
E: Can not write log (Is /dev/pts mounted?) - posix_openpt (19: No such device)
(Reading database ... 73267 files and directories currently installed.)
Preparing to unpack .../libldap-common_2.5.11+dfsg-1~exp1ubuntu3.1_all.deb ...
Unpacking libldap-common (2.5.11+dfsg-1~exp1ubuntu3.1) over (2.5.11+dfsg-1~exp1ubuntu3) ...
Setting up libldap-common (2.5.11+dfsg-1~exp1ubuntu3.1) ...
Processing triggers for man-db (2.10.2-1) ...
NEEDRESTART-VER: 3.5
NEEDRESTART-KCUR: 5.15.0-25-generic
NEEDRESTART-KEXP: 5.15.0-37-generic
NEEDRESTART-KSTA: 3
NEEDRESTART-SVC: unattended-upgrades
Log ended: 2022-06-13  03:39:17

Log started: 2022-06-13  03:39:18
E: Can not write log (Is /dev/pts mounted?) - posix_openpt (19: No such device)
(Reading database ... 73267 files and directories currently installed.)
Preparing to unpack .../ntfs-3g_1%3a2021.8.22-3ubuntu1.1_amd64.deb ...
Unpacking ntfs-3g (1:2021.8.22-3ubuntu1.1) over (1:2021.8.22-3ubuntu1) ...
Preparing to unpack .../libntfs-3g89_1%3a2021.8.22-3ubuntu1.1_amd64.deb ...
Unpacking libntfs-3g89 (1:2021.8.22-3ubuntu1.1) over (1:2021.8.22-3ubuntu1) ...
Setting up libntfs-3g89 (1:2021.8.22-3ubuntu1.1) ...
Setting up ntfs-3g (1:2021.8.22-3ubuntu1.1) ...
Processing triggers for libc-bin (2.35-0ubuntu3) ...
Processing triggers for man-db (2.10.2-1) ...
Processing triggers for initramfs-tools (0.140ubuntu13) ...
update-initramfs: Generating /boot/initrd.img-5.15.0-37-generic
NEEDRESTART-VER: 3.5
NEEDRESTART-KCUR: 5.15.0-25-generic
NEEDRESTART-KEXP: 5.15.0-37-generic
NEEDRESTART-KSTA: 3
NEEDRESTART-SVC: unattended-upgrades
Log ended: 2022-06-13  03:39:33

Log started: 2022-06-13  03:39:34
E: Can not write log (Is /dev/pts mounted?) - posix_openpt (19: No such device)
(Reading database ... 73267 files and directories currently installed.)
Preparing to unpack .../dpkg_1.21.1ubuntu2.1_amd64.deb ...
Unpacking dpkg (1.21.1ubuntu2.1) over (1.21.1ubuntu2) ...
Setting up dpkg (1.21.1ubuntu2.1) ...
Running in chroot, ignoring command 'daemon-reload'
/usr/sbin/policy-rc.d returned 101, not running 'restart dpkg-db-backup.service dpkg-db-backup.timer'
Processing triggers for man-db (2.10.2-1) ...
NEEDRESTART-VER: 3.5
NEEDRESTART-KCUR: 5.15.0-25-generic
NEEDRESTART-KEXP: 5.15.0-37-generic
NEEDRESTART-KSTA: 3
NEEDRESTART-SVC: unattended-upgrades
Log ended: 2022-06-13  03:39:36

Log started: 2022-06-13  03:39:37
E: Can not write log (Is /dev/pts mounted?) - posix_openpt (19: No such device)
(Reading database ... 73267 files and directories currently installed.)
Preparing to unpack .../python3-problem-report_2.20.11-0ubuntu82.1_all.deb ...
Unpacking python3-problem-report (2.20.11-0ubuntu82.1) over (2.20.11-0ubuntu82) ...
Setting up python3-problem-report (2.20.11-0ubuntu82.1) ...
NEEDRESTART-VER: 3.5
NEEDRESTART-KCUR: 5.15.0-25-generic
NEEDRESTART-KEXP: 5.15.0-37-generic
NEEDRESTART-KSTA: 3
NEEDRESTART-SVC: unattended-upgrades
Log ended: 2022-06-13  03:39:39

Log started: 2022-06-13  03:39:39
E: Can not write log (Is /dev/pts mounted?) - posix_openpt (19: No such device)
(Reading database ... 73267 files and directories currently installed.)
Preparing to unpack .../libpcre3_2%3a8.39-13ubuntu0.22.04.1_amd64.deb ...
Unpacking libpcre3:amd64 (2:8.39-13ubuntu0.22.04.1) over (2:8.39-13build5) ...
Setting up libpcre3:amd64 (2:8.39-13ubuntu0.22.04.1) ...
Processing triggers for man-db (2.10.2-1) ...
Processing triggers for libc-bin (2.35-0ubuntu3) ...
NEEDRESTART-VER: 3.5
NEEDRESTART-KCUR: 5.15.0-25-generic
NEEDRESTART-KEXP: 5.15.0-37-generic
NEEDRESTART-KSTA: 3
NEEDRESTART-SVC: unattended-upgrades
Log ended: 2022-06-13  03:39:42

Log started: 2022-06-13  03:39:43
E: Can not write log (Is /dev/pts mounted?) - posix_openpt (19: No such device)
(Reading database ... 73267 files and directories currently installed.)
Preparing to unpack .../libxml2_2.9.13+dfsg-1ubuntu0.1_amd64.deb ...
Unpacking libxml2:amd64 (2.9.13+dfsg-1ubuntu0.1) over (2.9.13+dfsg-1build1) ...
Setting up libxml2:amd64 (2.9.13+dfsg-1ubuntu0.1) ...
Processing triggers for libc-bin (2.35-0ubuntu3) ...
NEEDRESTART-VER: 3.5
NEEDRESTART-KCUR: 5.15.0-25-generic
NEEDRESTART-KEXP: 5.15.0-37-generic
NEEDRESTART-KSTA: 3
NEEDRESTART-SVC: unattended-upgrades
Log ended: 2022-06-13  03:39:45

Log started: 2022-06-13  03:39:45
E: Can not write log (Is /dev/pts mounted?) - posix_openpt (19: No such device)
(Reading database ... 73267 files and directories currently installed.)
Preparing to unpack .../git_1%3a2.34.1-1ubuntu1.2_amd64.deb ...
Unpacking git (1:2.34.1-1ubuntu1.2) over (1:2.34.1-1ubuntu1) ...
Setting up git (1:2.34.1-1ubuntu1.2) ...
NEEDRESTART-VER: 3.5
NEEDRESTART-KCUR: 5.15.0-25-generic
NEEDRESTART-KEXP: 5.15.0-37-generic
NEEDRESTART-KSTA: 3
NEEDRESTART-SVC: unattended-upgrades
Log ended: 2022-06-13  03:39:48

Log started: 2022-06-13  03:39:48
E: Can not write log (Is /dev/pts mounted?) - posix_openpt (19: No such device)
(Reading database ... 73267 files and directories currently installed.)
Preparing to unpack .../libss2_1.46.5-2ubuntu1.1_amd64.deb ...
Unpacking libss2:amd64 (1.46.5-2ubuntu1.1) over (1.46.5-2ubuntu1) ...
Setting up libss2:amd64 (1.46.5-2ubuntu1.1) ...
Processing triggers for libc-bin (2.35-0ubuntu3) ...
NEEDRESTART-VER: 3.5
NEEDRESTART-KCUR: 5.15.0-25-generic
NEEDRESTART-KEXP: 5.15.0-37-generic
NEEDRESTART-KSTA: 3
NEEDRESTART-SVC: unattended-upgrades
Log ended: 2022-06-13  03:39:51

Log started: 2022-06-13  03:39:51
E: Can not write log (Is /dev/pts mounted?) - posix_openpt (19: No such device)
(Reading database ... 73267 files and directories currently installed.)
Preparing to unpack .../distro-info-data_0.52ubuntu0.1_all.deb ...
Unpacking distro-info-data (0.52ubuntu0.1) over (0.52) ...
Setting up distro-info-data (0.52ubuntu0.1) ...
NEEDRESTART-VER: 3.5
NEEDRESTART-KCUR: 5.15.0-25-generic
NEEDRESTART-KEXP: 5.15.0-37-generic
NEEDRESTART-KSTA: 3
NEEDRESTART-SVC: unattended-upgrades
Log ended: 2022-06-13  03:39:53

Log started: 2022-06-13  03:39:53
E: Can not write log (Is /dev/pts mounted?) - posix_openpt (19: No such device)
(Reading database ... 73267 files and directories currently installed.)
Preparing to unpack .../logsave_1.46.5-2ubuntu1.1_amd64.deb ...
Unpacking logsave (1.46.5-2ubuntu1.1) over (1.46.5-2ubuntu1) ...
Setting up logsave (1.46.5-2ubuntu1.1) ...
Processing triggers for man-db (2.10.2-1) ...
NEEDRESTART-VER: 3.5
NEEDRESTART-KCUR: 5.15.0-25-generic
NEEDRESTART-KEXP: 5.15.0-37-generic
NEEDRESTART-KSTA: 3
NEEDRESTART-SVC: unattended-upgrades
Log ended: 2022-06-13  03:39:56

Log started: 2022-06-13  03:39:56
E: Can not write log (Is /dev/pts mounted?) - posix_openpt (19: No such device)
(Reading database ... 73267 files and directories currently installed.)
Preparing to unpack .../libfribidi0_1.0.8-2ubuntu3.1_amd64.deb ...
Unpacking libfribidi0:amd64 (1.0.8-2ubuntu3.1) over (1.0.8-2ubuntu3) ...
Setting up libfribidi0:amd64 (1.0.8-2ubuntu3.1) ...
Processing triggers for libc-bin (2.35-0ubuntu3) ...
NEEDRESTART-VER: 3.5
NEEDRESTART-KCUR: 5.15.0-25-generic
NEEDRESTART-KEXP: 5.15.0-37-generic
NEEDRESTART-KSTA: 3
NEEDRESTART-SVC: unattended-upgrades
Log ended: 2022-06-13  03:39:58

